<?xml version="1.0" encoding="UTF-8"?>
<!-- Generated by org.testng.reporters.JUnitReportReporter -->
<testsuite hostname="DESKTOP-O60SI89" failures="0" tests="3" name="demo.PracticeProject.Practice1" time="0.010" errors="0" timestamp="2026-02-14T21:49:54 IST" skipped="0">
  <testcase classname="demo.PracticeProject.Practice1" name="m1" time="0.004"/>
  <system-out/>
  <testcase classname="demo.PracticeProject.Practice1" name="v1" time="0.002"/>
  <system-out/>
  <testcase classname="demo.PracticeProject.Practice1" name="v2" time="0.004"/>
  <system-out/>
</testsuite> <!-- demo.PracticeProject.Practice1 -->
